mode: set
github.com/xaaha/hulak/pkg/features/graphql/graphql.go:18.72,20.16 2 1
github.com/xaaha/hulak/pkg/features/graphql/graphql.go:20.16,22.3 1 0
github.com/xaaha/hulak/pkg/features/graphql/graphql.go:23.2,27.42 4 1
github.com/xaaha/hulak/pkg/features/graphql/graphql.go:27.42,29.3 1 0
github.com/xaaha/hulak/pkg/features/graphql/graphql.go:32.2,36.13 3 1
github.com/xaaha/hulak/pkg/features/graphql/graphql.go:36.13,38.3 1 1
github.com/xaaha/hulak/pkg/features/graphql/graphql.go:41.2,41.32 1 1
github.com/xaaha/hulak/pkg/features/graphql/graphql.go:42.14,44.38 1 1
github.com/xaaha/hulak/pkg/features/graphql/graphql.go:45.10,47.15 1 1
github.com/xaaha/hulak/pkg/features/graphql/graphql.go:54.84,57.16 2 1
github.com/xaaha/hulak/pkg/features/graphql/graphql.go:57.16,59.3 1 1
github.com/xaaha/hulak/pkg/features/graphql/graphql.go:61.2,63.36 2 1
github.com/xaaha/hulak/pkg/features/graphql/graphql.go:63.36,65.68 1 1
github.com/xaaha/hulak/pkg/features/graphql/graphql.go:65.68,66.12 1 1
github.com/xaaha/hulak/pkg/features/graphql/graphql.go:70.3,71.17 2 1
github.com/xaaha/hulak/pkg/features/graphql/graphql.go:71.17,73.12 1 0
github.com/xaaha/hulak/pkg/features/graphql/graphql.go:77.3,77.26 1 1
github.com/xaaha/hulak/pkg/features/graphql/graphql.go:77.26,78.12 1 1
github.com/xaaha/hulak/pkg/features/graphql/graphql.go:82.3,82.46 1 1
github.com/xaaha/hulak/pkg/features/graphql/graphql.go:82.46,83.12 1 1
github.com/xaaha/hulak/pkg/features/graphql/graphql.go:86.3,86.48 1 1
github.com/xaaha/hulak/pkg/features/graphql/graphql.go:89.2,89.28 1 1
github.com/xaaha/hulak/pkg/features/graphql/graphql.go:89.28,91.3 1 1
github.com/xaaha/hulak/pkg/features/graphql/graphql.go:93.2,93.26 1 1
github.com/xaaha/hulak/pkg/features/graphql/graphql.go:98.84,103.33 2 1
github.com/xaaha/hulak/pkg/features/graphql/graphql.go:103.33,105.3 1 1
github.com/xaaha/hulak/pkg/features/graphql/graphql.go:108.2,109.16 2 1
github.com/xaaha/hulak/pkg/features/graphql/graphql.go:109.16,111.3 1 0
github.com/xaaha/hulak/pkg/features/graphql/graphql.go:114.2,114.25 1 1
github.com/xaaha/hulak/pkg/features/graphql/graphql.go:114.25,116.3 1 1
github.com/xaaha/hulak/pkg/features/graphql/graphql.go:119.2,119.45 1 1
github.com/xaaha/hulak/pkg/features/graphql/graphql.go:119.45,121.3 1 1
github.com/xaaha/hulak/pkg/features/graphql/graphql.go:123.2,123.18 1 1
github.com/xaaha/hulak/pkg/features/graphql/graphql.go:133.32,141.20 4 0
github.com/xaaha/hulak/pkg/features/graphql/graphql.go:141.20,143.3 1 0
github.com/xaaha/hulak/pkg/features/graphql/graphql.go:143.8,145.22 2 0
github.com/xaaha/hulak/pkg/features/graphql/graphql.go:145.22,147.4 1 0
github.com/xaaha/hulak/pkg/features/graphql/graphql.go:147.9,151.4 2 0
github.com/xaaha/hulak/pkg/features/graphql/graphql.go:154.2,154.25 1 0
github.com/xaaha/hulak/pkg/features/graphql/graphql.go:154.25,157.17 2 0
github.com/xaaha/hulak/pkg/features/graphql/graphql.go:157.17,159.4 1 0
github.com/xaaha/hulak/pkg/features/graphql/graphql.go:161.3,162.17 2 0
github.com/xaaha/hulak/pkg/features/graphql/graphql.go:162.17,164.4 1 0
github.com/xaaha/hulak/pkg/features/graphql/graphql.go:167.3,168.27 2 0
github.com/xaaha/hulak/pkg/features/graphql/graphql.go:168.27,170.4 1 0
github.com/xaaha/hulak/pkg/features/graphql/graphql.go:171.8,176.17 3 0
github.com/xaaha/hulak/pkg/features/graphql/graphql.go:176.17,178.4 1 0
github.com/xaaha/hulak/pkg/features/graphql/graphql.go:180.3,180.15 1 0
github.com/xaaha/hulak/pkg/features/graphql/graphql.go:180.15,182.4 1 0
github.com/xaaha/hulak/pkg/features/graphql/graphql.go:185.3,185.51 1 0
